{ level: 'info',
  message: 'listening on 3000',
  label: 'app.js',
  timestamp: '2020-06-25 10:56:11' }
{ level: 'info',
  message: 'connected to Redis-server',
  label: 'app.js',
  timestamp: '2020-06-25 10:56:11' }
{ level: 'info',
  message: 'listening on 3000',
  label: 'app.js',
  timestamp: '2020-06-25 11:29:19' }
{ level: 'info',
  message: 'connected to Redis-server',
  label: 'app.js',
  timestamp: '2020-06-25 11:29:19' }
{ level: 'info',
  message: 'input authenticated',
  label: 'app.js',
  timestamp: '2020-06-25 11:29:47' }
{ level: 'info',
  message:
   '{"merchantName":"PAYU","merchantCode":"SlEscuJA98","txnAmount":"111","txnCurrency":"INR","txnDate":"2020-06-15","custName":"Harsha","custMobile":"9440015160","mode":"bmV0X2Jhbmtpbmc=","source":"","txnRefId":"87456656834","livemode":"false","txnDescription":"dummy transaction"}',
  label: 'app.js',
  timestamp: '2020-06-25 11:29:47' }
{ level: 'info',
  message: 'OK',
  label: 'app.js',
  timestamp: '2020-06-25 11:29:47' }
{ level: 'info',
  message: '{"wrong":"Decline"}',
  label: 'app.js',
  timestamp: '2020-06-25 11:29:50' }
{ level: 'info',
  message: 1,
  label: 'app.js',
  timestamp: '2020-06-25 11:29:50' }
{ level: 'info',
  message:
   '{"merchantName":"PAYU","merchantCode":"SlEscuJA98","txnAmount":"111","txnCurrency":"INR","txnDate":"2020-06-15","custName":"Harsha","custMobile":"9440015160","mode":"bmV0X2Jhbmtpbmc=","source":"","txnRefId":"87456656834","livemode":"false","txnDescription":"dummy transaction","BID":"7114deda-204e-4795-ab82-fac11fe57557","status":"000"}',
  label: 'app.js',
  timestamp: '2020-06-25 11:29:50' }
{ level: 'info',
  message: 'failure',
  label: 'app.js',
  timestamp: '2020-06-25 11:29:50' }
{ level: 'info',
  message: '{"right":"Authenticate"}',
  label: 'app.js',
  timestamp: '2020-06-25 11:29:52' }
{ level: 'info',
  message: 1,
  label: 'app.js',
  timestamp: '2020-06-25 11:29:52' }
{ level: 'info',
  message:
   '{"merchantName":"PAYU","merchantCode":"SlEscuJA98","txnAmount":"111","txnCurrency":"INR","txnDate":"2020-06-15","custName":"Harsha","custMobile":"9440015160","mode":"bmV0X2Jhbmtpbmc=","source":"","txnRefId":"87456656834","livemode":"false","txnDescription":"dummy transaction","BID":"7114deda-204e-4795-ab82-fac11fe57557","status":"000"}',
  label: 'app.js',
  timestamp: '2020-06-25 11:29:52' }
{ level: 'info',
  message: 'success',
  label: 'app.js',
  timestamp: '2020-06-25 11:29:52' }
{ level: 'info',
  message: 'listening on 3000',
  label: 'app.js',
  timestamp: '2020-06-25 11:33:14' }
{ level: 'info',
  message: 'connected to Redis-server',
  label: 'app.js',
  timestamp: '2020-06-25 11:33:14' }
{ level: 'info',
  message: 'listening on 3000',
  label: 'app.js',
  timestamp: '2020-06-25 11:33:46' }
{ level: 'info',
  message: 'connected to Redis-server',
  label: 'app.js',
  timestamp: '2020-06-25 11:33:46' }
{ level: 'info',
  message: 'listening on 3000',
  label: 'app.js',
  timestamp: '2020-06-25 11:34:59' }
{ level: 'info',
  message: 'connected to Redis-server',
  label: 'app.js',
  timestamp: '2020-06-25 11:34:59' }
{ level: 'info',
  message: 'listening on 3000',
  label: 'app.js',
  timestamp: '2020-06-25 11:35:30' }
{ level: 'info',
  message: 'connected to Redis-server',
  label: 'app.js',
  timestamp: '2020-06-25 11:35:30' }
{ level: 'info',
  message: 'listening on 3000',
  label: 'app.js',
  timestamp: '2020-06-25 11:35:40' }
{ level: 'info',
  message: 'connected to Redis-server',
  label: 'app.js',
  timestamp: '2020-06-25 11:35:40' }
{ level: 'info',
  message: 'listening on 3000',
  label: 'app.js',
  timestamp: '2020-06-25 11:35:49' }
{ level: 'info',
  message: 'connected to Redis-server',
  label: 'app.js',
  timestamp: '2020-06-25 11:35:49' }
{ level: 'info',
  message: 'listening on 3000',
  label: 'app.js',
  timestamp: '2020-06-25 11:37:08' }
{ level: 'info',
  message: 'connected to Redis-server',
  label: 'app.js',
  timestamp: '2020-06-25 11:37:08' }
{ level: 'info',
  message: 'listening on 3000',
  label: 'app.js',
  timestamp: '2020-06-25 11:37:14' }
{ level: 'info',
  message: 'connected to Redis-server',
  label: 'app.js',
  timestamp: '2020-06-25 11:37:14' }
{ level: 'info',
  message: 'listening on 3000',
  label: 'app.js',
  timestamp: '2020-06-25 11:37:21' }
{ level: 'info',
  message: 'connected to Redis-server',
  label: 'app.js',
  timestamp: '2020-06-25 11:37:21' }
{ level: 'info',
  message: 'input authenticated',
  label: 'app.js',
  timestamp: '2020-06-25 11:37:41' }
{ level: 'info',
  message:
   '{"merchantName":"PAYU","merchantCode":"SlEscuJA98","txnAmount":"4","txnCurrency":"INR","txnDate":"2020-06-15","custName":"Harsha","custMobile":"9440015160","mode":"bmV0X2Jhbmtpbmc=","source":"","txnRefId":"87456656834","livemode":"false","txnDescription":"dummy transaction"}',
  label: 'app.js',
  timestamp: '2020-06-25 11:37:41' }
{ level: 'info',
  message: 'OK',
  label: 'app.js',
  timestamp: '2020-06-25 11:37:41' }
{ level: 'info',
  message: '{"right":"Authenticate"}',
  label: 'app.js',
  timestamp: '2020-06-25 11:37:43' }
{ level: 'info',
  message: 1,
  label: 'app.js',
  timestamp: '2020-06-25 11:37:43' }
{ level: 'info',
  message:
   '{"merchantName":"PAYU","merchantCode":"SlEscuJA98","txnAmount":"4","txnCurrency":"INR","txnDate":"2020-06-15","custName":"Harsha","custMobile":"9440015160","mode":"bmV0X2Jhbmtpbmc=","source":"","txnRefId":"87456656834","livemode":"false","txnDescription":"dummy transaction","BID":"3f14038f-3541-4823-8b67-e3ce290f8504","status":"000"}',
  label: 'app.js',
  timestamp: '2020-06-25 11:37:43' }
{ level: 'info',
  message: 'success',
  label: 'app.js',
  timestamp: '2020-06-25 11:37:43' }
{ level: 'info',
  message: 'listening on 3000',
  label: 'app.js',
  timestamp: '2020-06-25 11:51:22' }
{ level: 'info',
  message: 'connected to Redis-server',
  label: 'app.js',
  timestamp: '2020-06-25 11:51:22' }
{ level: 'info',
  message: 'input authenticated',
  label: 'app.js',
  timestamp: '2020-06-25 11:51:39' }
{ level: 'info',
  message:
   '{"merchantName":"PAYU","merchantCode":"SlEscuJA98","txnAmount":"1","txnCurrency":"INR","txnDate":"2020-06-15","custName":"Harsha","custMobile":"9440015160","mode":"bmV0X2Jhbmtpbmc=","source":"","txnRefId":"87456656834","livemode":"false","txnDescription":"dummy transaction"}',
  label: 'app.js',
  timestamp: '2020-06-25 11:51:39' }
{ level: 'info',
  message: 'OK',
  label: 'app.js',
  timestamp: '2020-06-25 11:51:39' }
{ level: 'info',
  message: 'input authenticated',
  label: 'app.js',
  timestamp: '2020-06-25 11:51:39' }
{ level: 'info',
  message:
   '{"merchantName":"PAYU","merchantCode":"SlEscuJA98","txnAmount":"1","txnCurrency":"INR","txnDate":"2020-06-15","custName":"Harsha","custMobile":"9440015160","mode":"bmV0X2Jhbmtpbmc=","source":"","txnRefId":"87456656834","livemode":"false","txnDescription":"dummy transaction"}',
  label: 'app.js',
  timestamp: '2020-06-25 11:51:39' }
{ level: 'info',
  message: 'OK',
  label: 'app.js',
  timestamp: '2020-06-25 11:51:39' }
{ level: 'info',
  message: '{"wrong":"Decline"}',
  label: 'app.js',
  timestamp: '2020-06-25 11:51:41' }
{ level: 'info',
  message: 1,
  label: 'app.js',
  timestamp: '2020-06-25 11:51:41' }
{ level: 'info',
  message:
   '{"merchantName":"PAYU","merchantCode":"SlEscuJA98","txnAmount":"1","txnCurrency":"INR","txnDate":"2020-06-15","custName":"Harsha","custMobile":"9440015160","mode":"bmV0X2Jhbmtpbmc=","source":"","txnRefId":"87456656834","livemode":"false","txnDescription":"dummy transaction","BID":"c00a1247-3ebd-4e52-b6c3-2941be356790","status":"000"}',
  label: 'app.js',
  timestamp: '2020-06-25 11:51:41' }
{ level: 'info',
  message: 'failure',
  label: 'app.js',
  timestamp: '2020-06-25 11:51:41' }
{ level: 'info',
  message: '{"right":"Authenticate"}',
  label: 'app.js',
  timestamp: '2020-06-25 11:51:44' }
{ level: 'info',
  message: 1,
  label: 'app.js',
  timestamp: '2020-06-25 11:51:44' }
{ level: 'info',
  message:
   '{"merchantName":"PAYU","merchantCode":"SlEscuJA98","txnAmount":"1","txnCurrency":"INR","txnDate":"2020-06-15","custName":"Harsha","custMobile":"9440015160","mode":"bmV0X2Jhbmtpbmc=","source":"","txnRefId":"87456656834","livemode":"false","txnDescription":"dummy transaction","BID":"c00a1247-3ebd-4e52-b6c3-2941be356790","status":"000"}',
  label: 'app.js',
  timestamp: '2020-06-25 11:51:44' }
{ level: 'info',
  message: 'success',
  label: 'app.js',
  timestamp: '2020-06-25 11:51:44' }
{ level: 'info',
  message: 'listening on 3000',
  label: 'app.js',
  timestamp: '2020-06-25 11:52:05' }
{ level: 'info',
  message: 'connected to Redis-server',
  label: 'app.js',
  timestamp: '2020-06-25 11:52:05' }
{ level: 'info',
  message: 'listening on 3000',
  label: 'app.js',
  timestamp: '2020-06-25 11:52:11' }
{ level: 'info',
  message: 'connected to Redis-server',
  label: 'app.js',
  timestamp: '2020-06-25 11:52:11' }
{ level: 'info',
  message: 'listening on 3000',
  label: 'app.js',
  timestamp: '2020-06-25 11:52:16' }
{ level: 'info',
  message: 'connected to Redis-server',
  label: 'app.js',
  timestamp: '2020-06-25 11:52:16' }
{ level: 'info',
  message: 'listening on 3000',
  label: 'app.js',
  timestamp: '2020-06-25 11:52:23' }
{ level: 'info',
  message: 'connected to Redis-server',
  label: 'app.js',
  timestamp: '2020-06-25 11:52:23' }
