{
  level: 'info',
  message: 'server is running at Port: 3000',
  label: 'app.js',
  timestamp: '2020-07-02 20:46:35'
}
{
  level: 'info',
  message: 'server is running at Port: 3000',
  label: 'app.js',
  timestamp: '2020-07-02 20:47:15'
}
{
  level: 'info',
  message: 'connected to Redis-server on 6379',
  label: 'app.js',
  timestamp: '2020-07-02 20:47:15'
}
{
  level: 'info',
  message: 'connected to Redis-server on 6379',
  label: 'app.js',
  timestamp: '2020-07-02 20:47:15'
}
{
  level: 'info',
  message: 'connected to Redis-server on 6379',
  label: 'app.js',
  timestamp: '2020-07-02 20:47:15'
}
{
  level: 'info',
  message: 'input validated',
  label: 'app.js',
  timestamp: '2020-07-02 20:47:35'
}
{
  level: 'info',
  message: '{"merchantName":"PAYU","merchantCode":"SlEscuJA98","txnAmount":"10.00","txnCurrency":"INR","txnDate":"2020-06-15","custName":"Minnet Khan","custMobile":"9958240874","mode":"bmV0X2Jhbmtpbmc=","source":"","txnRefId":"87456656834","livemode":"false","txnDescription":"test dummy payment","RU":"https://www.payu.in/response_nb.php","BID":"5ffb8c07-2a6b-4559-b069-6db9bc80f415"}',
  label: 'app.js',
  timestamp: '2020-07-02 20:47:35'
}
{
  level: 'info',
  message: 'OK',
  label: 'app.js',
  timestamp: '2020-07-02 20:47:36'
}
{
  level: 'info',
  message: 1,
  label: 'app.js',
  timestamp: '2020-07-02 20:47:37'
}
{
  level: 'info',
  message: '{"merchantName":"PAYU","merchantCode":"SlEscuJA98","txnAmount":"10.00","txnCurrency":"INR","txnDate":"2020-06-15","custName":"Minnet Khan","custMobile":"9958240874","mode":"bmV0X2Jhbmtpbmc=","source":"","txnRefId":"87456656834","livemode":"false","txnDescription":"test dummy payment","RU":"https://www.payu.in/response_nb.php","BID":"5ffb8c07-2a6b-4559-b069-6db9bc80f415","status":"000"}',
  label: 'app.js',
  timestamp: '2020-07-02 20:47:37'
}
{
  level: 'info',
  message: 'OK',
  label: 'app.js',
  timestamp: '2020-07-02 20:47:38'
}
{
  level: 'info',
  message: 'server is running at Port: 3000',
  label: 'app.js',
  timestamp: '2020-07-02 20:53:43'
}
{
  level: 'info',
  message: 'connected to Redis-server on 6379',
  label: 'app.js',
  timestamp: '2020-07-02 20:53:43'
}
{
  level: 'info',
  message: 'connected to Redis-server on 6379',
  label: 'app.js',
  timestamp: '2020-07-02 20:53:43'
}
{
  level: 'info',
  message: 'connected to Redis-server on 6379',
  label: 'app.js',
  timestamp: '2020-07-02 20:53:43'
}
{
  level: 'info',
  message: 'server is running at Port: 3000',
  label: 'app.js',
  timestamp: '2020-07-02 21:06:49'
}
{
  level: 'info',
  message: 'connected to Redis-server on 6379',
  label: 'app.js',
  timestamp: '2020-07-02 21:06:49'
}
{
  level: 'info',
  message: 'connected to Redis-server on 6379',
  label: 'app.js',
  timestamp: '2020-07-02 21:06:49'
}
{
  level: 'info',
  message: 'connected to Redis-server on 6379',
  label: 'app.js',
  timestamp: '2020-07-02 21:06:49'
}
{
  level: 'info',
  message: 'server is running at Port: 3000',
  label: 'app.js',
  timestamp: '2020-07-02 21:11:05'
}
{
  level: 'info',
  message: 'connected to Redis-server on 6379',
  label: 'app.js',
  timestamp: '2020-07-02 21:11:05'
}
{
  level: 'info',
  message: 'connected to Redis-server on 6379',
  label: 'app.js',
  timestamp: '2020-07-02 21:11:05'
}
{
  level: 'info',
  message: 'connected to Redis-server on 6379',
  label: 'app.js',
  timestamp: '2020-07-02 21:11:05'
}
{
  level: 'info',
  message: 'input validated',
  label: 'app.js',
  timestamp: '2020-07-02 21:12:23'
}
{
  level: 'info',
  message: '{"merchantName":"PAYU","merchantCode":"SlEscuJA98","txnAmount":"10.00","txnCurrency":"INR","txnDate":"2020-06-15","custName":"Minnet Khan","custMobile":"9958240874","mode":"bmV0X2Jhbmtpbmc=","credit_card_number":"123456789012345","expiry_date":"01-21","cvv":"2143","source":"","txnRefId":"87456656834","livemode":"false","txnDescription":"test dummy payment","RU":"https://www.payu.in/response_nb.php","BID":"b6f025c6-36e8-4a15-a631-bd89ca8275ad"}',
  label: 'app.js',
  timestamp: '2020-07-02 21:12:23'
}
{
  level: 'info',
  message: 'OK',
  label: 'app.js',
  timestamp: '2020-07-02 21:12:23'
}
{
  level: 'info',
  message: 1,
  label: 'app.js',
  timestamp: '2020-07-02 21:12:25'
}
{
  level: 'info',
  message: '{"merchantName":"PAYU","merchantCode":"SlEscuJA98","txnAmount":"10.00","txnCurrency":"INR","txnDate":"2020-06-15","custName":"Minnet Khan","custMobile":"9958240874","mode":"bmV0X2Jhbmtpbmc=","credit_card_number":"123456789012345","expiry_date":"01-21","cvv":"2143","source":"","txnRefId":"87456656834","livemode":"false","txnDescription":"test dummy payment","RU":"https://www.payu.in/response_nb.php","BID":"b6f025c6-36e8-4a15-a631-bd89ca8275ad","status":"001","errorDesc":"user declined"}',
  label: 'app.js',
  timestamp: '2020-07-02 21:12:25'
}
{
  level: 'info',
  message: 'OK',
  label: 'app.js',
  timestamp: '2020-07-02 21:12:25'
}
{
  level: 'info',
  message: 'server is running at Port: 3000',
  label: 'app.js',
  timestamp: '2020-07-02 21:13:28'
}
{
  level: 'info',
  message: 'connected to Redis-server on 6379',
  label: 'app.js',
  timestamp: '2020-07-02 21:13:28'
}
{
  level: 'info',
  message: 'connected to Redis-server on 6379',
  label: 'app.js',
  timestamp: '2020-07-02 21:13:28'
}
{
  level: 'info',
  message: 'connected to Redis-server on 6379',
  label: 'app.js',
  timestamp: '2020-07-02 21:13:28'
}
{
  level: 'info',
  message: 'input validated',
  label: 'app.js',
  timestamp: '2020-07-02 21:14:03'
}
{
  level: 'info',
  message: '{"merchantName":"PAYU","merchantCode":"SlEscuJA98","txnAmount":"10.00","txnCurrency":"INR","txnDate":"2020-06-15","custName":"Minnet Khan","custMobile":"9958240874","mode":"bmV0X2Jhbmtpbmc=","credit_card_number":"123456789012345","expiry_date":"01-21","cvv":"11111","source":"","txnRefId":"87456656834","livemode":"false","txnDescription":"test dummy payment","RU":"https://www.payu.in/response_nb.php","BID":"819a1eaa-acbd-4ef9-b450-b8030ab0c745"}',
  label: 'app.js',
  timestamp: '2020-07-02 21:14:03'
}
{
  level: 'info',
  message: 'OK',
  label: 'app.js',
  timestamp: '2020-07-02 21:14:03'
}
{
  level: 'info',
  message: 'input validated',
  label: 'app.js',
  timestamp: '2020-07-02 21:15:17'
}
{
  level: 'info',
  message: '{"merchantName":"PAYU","merchantCode":"SlEscuJA98","txnAmount":"10.00","txnCurrency":"INR","txnDate":"2020-06-15","custName":"Minnet Khan","custMobile":"9958240874","mode":"Y3JlZGl0X2NhcmQ=","credit_card_number":"123456789012345","expiry_date":"01-21","cvv":"111111","source":"","txnRefId":"87456656834","livemode":"false","txnDescription":"test dummy payment","RU":"https://www.payu.in/response_nb.php","BID":"40895b84-3dd2-4f58-bf1a-2d4be99544f2"}',
  label: 'app.js',
  timestamp: '2020-07-02 21:15:17'
}
{
  level: 'info',
  message: 'OK',
  label: 'app.js',
  timestamp: '2020-07-02 21:15:17'
}
{
  level: 'info',
  message: 'input validated',
  label: 'app.js',
  timestamp: '2020-07-02 21:16:24'
}
{
  level: 'info',
  message: '{"merchantName":"PAYU","merchantCode":"SlEscuJA98","txnAmount":"10.00","txnCurrency":"INR","txnDate":"2020-06-15","custName":"Minnet Khan","custMobile":"9958240874","mode":"Y3JlZGl0X2NhcmQ=","credit_card_number":"123456789012345","expiry_date":"","cvv":"111111","source":"","txnRefId":"87456656834","livemode":"false","txnDescription":"test dummy payment","RU":"https://www.payu.in/response_nb.php","BID":"8014376b-4bb5-4fe4-b1a0-2438fc41db8b"}',
  label: 'app.js',
  timestamp: '2020-07-02 21:16:24'
}
{
  level: 'info',
  message: 'OK',
  label: 'app.js',
  timestamp: '2020-07-02 21:16:24'
}
{
  level: 'info',
  message: 'server is running at Port: 3000',
  label: 'app.js',
  timestamp: '2020-07-02 21:17:39'
}
{
  level: 'info',
  message: 'connected to Redis-server on 6379',
  label: 'app.js',
  timestamp: '2020-07-02 21:17:39'
}
{
  level: 'info',
  message: 'connected to Redis-server on 6379',
  label: 'app.js',
  timestamp: '2020-07-02 21:17:39'
}
{
  level: 'info',
  message: 'connected to Redis-server on 6379',
  label: 'app.js',
  timestamp: '2020-07-02 21:17:39'
}
{
  level: 'info',
  message: 'server is running at Port: 3000',
  label: 'app.js',
  timestamp: '2020-07-02 21:18:10'
}
{
  level: 'info',
  message: 'connected to Redis-server on 6379',
  label: 'app.js',
  timestamp: '2020-07-02 21:18:10'
}
{
  level: 'info',
  message: 'connected to Redis-server on 6379',
  label: 'app.js',
  timestamp: '2020-07-02 21:18:10'
}
{
  level: 'info',
  message: 'connected to Redis-server on 6379',
  label: 'app.js',
  timestamp: '2020-07-02 21:18:10'
}
{
  level: 'info',
  message: 'server is running at Port: 3000',
  label: 'app.js',
  timestamp: '2020-07-02 21:18:51'
}
{
  level: 'info',
  message: 'connected to Redis-server on 6379',
  label: 'app.js',
  timestamp: '2020-07-02 21:18:51'
}
{
  level: 'info',
  message: 'connected to Redis-server on 6379',
  label: 'app.js',
  timestamp: '2020-07-02 21:18:51'
}
{
  level: 'info',
  message: 'connected to Redis-server on 6379',
  label: 'app.js',
  timestamp: '2020-07-02 21:18:51'
}
{
  level: 'info',
  message: 'input validated',
  label: 'app.js',
  timestamp: '2020-07-02 21:21:27'
}
{
  level: 'info',
  message: '{"merchantName":"PAYU","merchantCode":"SlEscuJA98","txnAmount":"10.00","txnCurrency":"INR","txnDate":"2020-06-15","custName":"Minnet Khan","custMobile":"9958240874","mode":"Y3JlZGl0X2NhcmQ=","credit_card_number":"123456789012345","expiry_date":"","cvv":"111111","source":"","txnRefId":"87456656834","livemode":"false","txnDescription":"test dummy payment","RU":"https://www.payu.in/response_nb.php","BID":"f6951283-8938-48e1-8124-71910a3bcc35"}',
  label: 'app.js',
  timestamp: '2020-07-02 21:21:27'
}
{
  level: 'info',
  message: 'OK',
  label: 'app.js',
  timestamp: '2020-07-02 21:21:27'
}
{
  level: 'info',
  message: 1,
  label: 'app.js',
  timestamp: '2020-07-02 21:21:29'
}
{
  level: 'info',
  message: '{"merchantName":"PAYU","merchantCode":"SlEscuJA98","txnAmount":"10.00","txnCurrency":"INR","txnDate":"2020-06-15","custName":"Minnet Khan","custMobile":"9958240874","mode":"Y3JlZGl0X2NhcmQ=","credit_card_number":"123456789012345","expiry_date":"","cvv":"111111","source":"","txnRefId":"87456656834","livemode":"false","txnDescription":"test dummy payment","RU":"https://www.payu.in/response_nb.php","BID":"f6951283-8938-48e1-8124-71910a3bcc35","status":"000"}',
  label: 'app.js',
  timestamp: '2020-07-02 21:21:29'
}
{
  level: 'info',
  message: 'OK',
  label: 'app.js',
  timestamp: '2020-07-02 21:21:29'
}
{
  formatter: [Function: formatter],
  errors: [
    {
      value: '',
      msg: 'Invalid value',
      param: 'merchantName',
      location: 'body'
    }
  ],
  level: 'error',
  label: 'app.js',
  timestamp: '2020-07-02 21:23:23'
}
{
  level: 'info',
  message: 'OK',
  label: 'app.js',
  timestamp: '2020-07-02 21:23:23'
}
{
  level: 'info',
  message: 'server is running at Port: 3000',
  label: 'app.js',
  timestamp: '2020-07-02 21:24:30'
}
{
  level: 'info',
  message: 'connected to Redis-server on 6379',
  label: 'app.js',
  timestamp: '2020-07-02 21:24:30'
}
{
  level: 'info',
  message: 'connected to Redis-server on 6379',
  label: 'app.js',
  timestamp: '2020-07-02 21:24:30'
}
{
  level: 'info',
  message: 'connected to Redis-server on 6379',
  label: 'app.js',
  timestamp: '2020-07-02 21:24:30'
}
{
  formatter: [Function: formatter],
  errors: [
    {
      value: '',
      msg: 'Invalid value',
      param: 'merchantName',
      location: 'body'
    }
  ],
  level: 'error',
  label: 'app.js',
  timestamp: '2020-07-02 21:24:37'
}
{
  level: 'info',
  message: '{"merchantName":"","merchantCode":"SlEscuJA98","txnAmount":"10.00","txnCurrency":"INR","txnDate":"2020-06-15","custName":"Minnet Khan","custMobile":"9958240874","mode":"Y3JlZGl0X2NhcmQ=","credit_card_number":"123456789012345","expiry_date":"","cvv":"111111","source":"","txnRefId":"87456656834","livemode":"false","txnDescription":"test dummy payment","RU":"https://www.payu.in/response_nb.php"}',
  label: 'app.js',
  timestamp: '2020-07-02 21:24:37'
}
{
  level: 'info',
  message: '{"merchantName":"","merchantCode":"SlEscuJA98","txnAmount":"10.00","txnCurrency":"INR","txnDate":"2020-06-15","custName":"Minnet Khan","custMobile":"9958240874","mode":"Y3JlZGl0X2NhcmQ=","credit_card_number":"123456789012345","expiry_date":"","cvv":"111111","source":"","txnRefId":"87456656834","livemode":"false","txnDescription":"test dummy payment","RU":"https://www.payu.in/response_nb.php","BID":"308a9f3d-b419-44f1-aa36-7fe60d0e7c25","status":"001","errorDesc":"invalid input"}',
  label: 'app.js',
  timestamp: '2020-07-02 21:24:37'
}
{
  level: 'info',
  message: 'OK',
  label: 'app.js',
  timestamp: '2020-07-02 21:24:37'
}
{
  level: 'info',
  message: 'OK',
  label: 'app.js',
  timestamp: '2020-07-02 21:24:37'
}
{
  level: 'info',
  message: 'server is running at Port: 3000',
  label: 'app.js',
  timestamp: '2020-07-02 21:24:56'
}
{
  level: 'info',
  message: 'connected to Redis-server on 6379',
  label: 'app.js',
  timestamp: '2020-07-02 21:24:56'
}
{
  level: 'info',
  message: 'connected to Redis-server on 6379',
  label: 'app.js',
  timestamp: '2020-07-02 21:24:56'
}
{
  level: 'info',
  message: 'connected to Redis-server on 6379',
  label: 'app.js',
  timestamp: '2020-07-02 21:24:56'
}
{
  formatter: [Function: formatter],
  errors: [
    {
      value: '',
      msg: 'Invalid value',
      param: 'merchantName',
      location: 'body'
    }
  ],
  level: 'error',
  label: 'app.js',
  timestamp: '2020-07-02 21:25:01'
}
{
  level: 'info',
  message: '{"merchantName":"","merchantCode":"SlEscuJA98","txnAmount":"10.00","txnCurrency":"INR","txnDate":"2020-06-15","custName":"Minnet Khan","custMobile":"9958240874","mode":"Y3JlZGl0X2NhcmQ=","credit_card_number":"123456789012345","expiry_date":"","cvv":"111111","source":"","txnRefId":"87456656834","livemode":"false","txnDescription":"test dummy payment","RU":"https://www.payu.in/response_nb.php"}',
  label: 'app.js',
  timestamp: '2020-07-02 21:25:01'
}
{
  level: 'info',
  message: '{"merchantName":"","merchantCode":"SlEscuJA98","txnAmount":"10.00","txnCurrency":"INR","txnDate":"2020-06-15","custName":"Minnet Khan","custMobile":"9958240874","mode":"Y3JlZGl0X2NhcmQ=","credit_card_number":"123456789012345","expiry_date":"","cvv":"111111","source":"","txnRefId":"87456656834","livemode":"false","txnDescription":"test dummy payment","RU":"https://www.payu.in/response_nb.php","BID":"3a9423f8-5c99-4f97-a7e3-7b1b15fa4086","status":"001","errorDesc":"invalid input"}',
  label: 'app.js',
  timestamp: '2020-07-02 21:25:01'
}
{
  level: 'info',
  message: 'OK',
  label: 'app.js',
  timestamp: '2020-07-02 21:25:01'
}
{
  level: 'info',
  message: 'OK',
  label: 'app.js',
  timestamp: '2020-07-02 21:25:01'
}
{
  level: 'info',
  message: 'server is running at Port: 3000',
  label: 'app.js',
  timestamp: '2020-07-02 21:25:49'
}
{
  level: 'info',
  message: 'connected to Redis-server on 6379',
  label: 'app.js',
  timestamp: '2020-07-02 21:25:49'
}
{
  level: 'info',
  message: 'connected to Redis-server on 6379',
  label: 'app.js',
  timestamp: '2020-07-02 21:25:49'
}
{
  level: 'info',
  message: 'connected to Redis-server on 6379',
  label: 'app.js',
  timestamp: '2020-07-02 21:25:49'
}
{
  level: 'info',
  message: 'server is running at Port: 3000',
  label: 'app.js',
  timestamp: '2020-07-02 21:27:21'
}
{
  level: 'info',
  message: 'connected to Redis-server on 6379',
  label: 'app.js',
  timestamp: '2020-07-02 21:27:21'
}
{
  level: 'info',
  message: 'connected to Redis-server on 6379',
  label: 'app.js',
  timestamp: '2020-07-02 21:27:21'
}
{
  level: 'info',
  message: 'connected to Redis-server on 6379',
  label: 'app.js',
  timestamp: '2020-07-02 21:27:21'
}
{
  formatter: [Function: formatter],
  errors: [
    {
      value: '',
      msg: 'Invalid value',
      param: 'merchantName',
      location: 'body'
    }
  ],
  level: 'error',
  label: 'app.js',
  timestamp: '2020-07-02 21:27:29'
}
{
  level: 'info',
  message: '{"merchantName":"","merchantCode":"SlEscuJA98","txnAmount":"10.00","txnCurrency":"INR","txnDate":"2020-06-15","custName":"Minnet Khan","custMobile":"9958240874","mode":"Y3JlZGl0X2NhcmQ=","credit_card_number":"123456789012345","expiry_date":"","cvv":"111111","source":"","txnRefId":"87456656834","livemode":"false","txnDescription":"test dummy payment","RU":"https://www.payu.in/response_nb.php"}',
  label: 'app.js',
  timestamp: '2020-07-02 21:27:29'
}
{
  level: 'info',
  message: '{"merchantName":"","merchantCode":"SlEscuJA98","txnAmount":"10.00","txnCurrency":"INR","txnDate":"2020-06-15","custName":"Minnet Khan","custMobile":"9958240874","mode":"Y3JlZGl0X2NhcmQ=","credit_card_number":"123456789012345","expiry_date":"","cvv":"111111","source":"","txnRefId":"87456656834","livemode":"false","txnDescription":"test dummy payment","RU":"https://www.payu.in/response_nb.php","BID":"dfcd51bf-81f9-431d-9994-b2acdc4cabc3","status":"001","errorDesc":"invalid input"}',
  label: 'app.js',
  timestamp: '2020-07-02 21:27:29'
}
{
  level: 'info',
  message: 'OK',
  label: 'app.js',
  timestamp: '2020-07-02 21:27:29'
}
{
  level: 'info',
  message: 'OK',
  label: 'app.js',
  timestamp: '2020-07-02 21:27:29'
}
{
  level: 'info',
  message: 'server is running at Port: 3000',
  label: 'app.js',
  timestamp: '2020-07-02 21:29:30'
}
{
  level: 'info',
  message: 'connected to Redis-server on 6379',
  label: 'app.js',
  timestamp: '2020-07-02 21:29:30'
}
{
  level: 'info',
  message: 'connected to Redis-server on 6379',
  label: 'app.js',
  timestamp: '2020-07-02 21:29:30'
}
{
  level: 'info',
  message: 'connected to Redis-server on 6379',
  label: 'app.js',
  timestamp: '2020-07-02 21:29:30'
}
{
  level: 'info',
  message: 'server is running at Port: 3000',
  label: 'app.js',
  timestamp: '2020-07-02 21:38:05'
}
{
  level: 'info',
  message: 'connected to Redis-server on 6379',
  label: 'app.js',
  timestamp: '2020-07-02 21:38:05'
}
{
  level: 'info',
  message: 'connected to Redis-server on 6379',
  label: 'app.js',
  timestamp: '2020-07-02 21:38:05'
}
{
  level: 'info',
  message: 'connected to Redis-server on 6379',
  label: 'app.js',
  timestamp: '2020-07-02 21:38:05'
}
{
  formatter: [Function: formatter],
  errors: [
    {
      value: '',
      msg: 'Invalid value',
      param: 'expiry_date',
      location: 'body'
    },
    {
      value: '111111',
      msg: 'Invalid value',
      param: 'cvv',
      location: 'body'
    }
  ],
  level: 'error',
  label: 'app.js',
  timestamp: '2020-07-02 21:38:48'
}
{
  level: 'info',
  message: '{"merchantName":"PAYU","merchantCode":"SlEscuJA98","txnAmount":"10.00","txnCurrency":"INR","txnDate":"2020-06-15","custName":"Minnet Khan","custMobile":"9958240874","mode":"Y3JlZGl0X2NhcmQ=","credit_card_number":"123456789012345","expiry_date":"","cvv":"111111","source":"","txnRefId":"87456656834","livemode":"false","txnDescription":"test dummy payment","RU":"https://www.payu.in/response_nb.php"}',
  label: 'app.js',
  timestamp: '2020-07-02 21:38:48'
}
{
  level: 'info',
  message: '{"merchantName":"PAYU","merchantCode":"SlEscuJA98","txnAmount":"10.00","txnCurrency":"INR","txnDate":"2020-06-15","custName":"Minnet Khan","custMobile":"9958240874","mode":"Y3JlZGl0X2NhcmQ=","credit_card_number":"123456789012345","expiry_date":"","cvv":"111111","source":"","txnRefId":"87456656834","livemode":"false","txnDescription":"test dummy payment","RU":"https://www.payu.in/response_nb.php","BID":"8c834cf2-f0aa-457b-a907-ff1edf179640","status":"001","errorDesc":"invalid input"}',
  label: 'app.js',
  timestamp: '2020-07-02 21:38:48'
}
{
  level: 'info',
  message: 'OK',
  label: 'app.js',
  timestamp: '2020-07-02 21:38:48'
}
{
  level: 'info',
  message: 'OK',
  label: 'app.js',
  timestamp: '2020-07-02 21:38:48'
}
{
  level: 'info',
  message: 'server is running at Port: 3000',
  label: 'app.js',
  timestamp: '2020-07-02 21:40:26'
}
{
  level: 'info',
  message: 'connected to Redis-server on 6379',
  label: 'app.js',
  timestamp: '2020-07-02 21:40:26'
}
{
  level: 'info',
  message: 'connected to Redis-server on 6379',
  label: 'app.js',
  timestamp: '2020-07-02 21:40:26'
}
{
  level: 'info',
  message: 'connected to Redis-server on 6379',
  label: 'app.js',
  timestamp: '2020-07-02 21:40:26'
}
{
  level: 'info',
  message: 'server is running at Port: 3000',
  label: 'app.js',
  timestamp: '2020-07-02 21:46:52'
}
{
  level: 'info',
  message: 'connected to Redis-server on 6379',
  label: 'app.js',
  timestamp: '2020-07-02 21:46:52'
}
{
  level: 'info',
  message: 'connected to Redis-server on 6379',
  label: 'app.js',
  timestamp: '2020-07-02 21:46:52'
}
{
  level: 'info',
  message: 'connected to Redis-server on 6379',
  label: 'app.js',
  timestamp: '2020-07-02 21:46:52'
}
