{
  level: 'info',
  message: 'server is running at Port: 3000',
  label: 'app.js',
  timestamp: '2020-07-05 21:04:25'
}
{
  level: 'info',
  message: 'connected to Redis-server on 6379',
  label: 'app.js',
  timestamp: '2020-07-05 21:04:25'
}
{
  level: 'info',
  message: 'server is running at Port: 3000',
  label: 'app.js',
  timestamp: '2020-07-05 21:06:04'
}
{
  level: 'info',
  message: 'connected to Redis-server on 6379',
  label: 'app.js',
  timestamp: '2020-07-05 21:06:04'
}
{
  level: 'info',
  message: '{"jsonName":"credit card","jsonDescription":"credit card info","merchantName":"PAYU","merchantCode":"SlEscuJA98","txnAmount":"10","txnCurrency":"INR","txnDate":"2020-06-15","custName":"Minnet Khan","custMobile":"9958240874","mode":"Q0M=","source":"","txnRefId":"87456656834","livemode":"false","txnDescription":"test dummy payment","RU":"https://www.payu.in/response_nb.php","cardNumber":"1234567891234","expiryMonth":"05","expiryYear":"23","cvv":"123","BID":"7189d036-8147-4dd0-99de-ae0676bcc01c"}',
  label: 'app.js',
  timestamp: '2020-07-05 21:06:19'
}
{
  level: 'info',
  message: 'OK',
  label: 'app.js',
  timestamp: '2020-07-05 21:06:20'
}
{
  level: 'info',
  message: 'server is running at Port: 3000',
  label: 'app.js',
  timestamp: '2020-07-05 21:06:23'
}
{
  level: 'info',
  message: 'connected to Redis-server on 6379',
  label: 'app.js',
  timestamp: '2020-07-05 21:06:23'
}
{
  level: 'info',
  message: 1,
  label: 'app.js',
  timestamp: '2020-07-05 21:06:23'
}
{
  level: 'info',
  message: '{"jsonName":"credit card","jsonDescription":"credit card info","merchantName":"PAYU","merchantCode":"SlEscuJA98","txnAmount":"10","txnCurrency":"INR","txnDate":"2020-06-15","custName":"Minnet Khan","custMobile":"9958240874","mode":"Q0M=","source":"","txnRefId":"87456656834","livemode":"false","txnDescription":"test dummy payment","RU":"https://www.payu.in/response_nb.php","cardNumber":"1234567891234","expiryMonth":"05","expiryYear":"23","cvv":"123","BID":"7189d036-8147-4dd0-99de-ae0676bcc01c","status":"000"}',
  label: 'app.js',
  timestamp: '2020-07-05 21:06:23'
}
{
  level: 'info',
  message: 'server is running at Port: 3000',
  label: 'app.js',
  timestamp: '2020-07-05 21:08:47'
}
{
  level: 'info',
  message: 'connected to Redis-server on 6379',
  label: 'app.js',
  timestamp: '2020-07-05 21:08:47'
}
{
  level: 'info',
  message: '{"jsonName":"credit card","jsonDescription":"credit card info","merchantName":"PAYU","merchantCode":"SlEscuJA98","txnAmount":"10","txnCurrency":"INR","txnDate":"2020-06-15","custName":"Minnet Khan","custMobile":"9958240874","mode":"Q0M=","source":"","txnRefId":"87456656834","livemode":"false","txnDescription":"test dummy payment","RU":"https://www.payu.in/response_nb.php","cardNumber":"1234567891234","expiryMonth":"05","expiryYear":"23","cvv":"123","BID":"ea9c655b-23fb-48ff-b410-e8867d3b928f"}',
  label: 'app.js',
  timestamp: '2020-07-05 21:09:35'
}
{
  level: 'info',
  message: 'OK',
  label: 'app.js',
  timestamp: '2020-07-05 21:09:36'
}
{
  level: 'info',
  message: 'server is running at Port: 3000',
  label: 'app.js',
  timestamp: '2020-07-05 21:09:39'
}
{
  level: 'info',
  message: 'connected to Redis-server on 6379',
  label: 'app.js',
  timestamp: '2020-07-05 21:09:39'
}
{
  level: 'info',
  message: 1,
  label: 'app.js',
  timestamp: '2020-07-05 21:09:39'
}
{
  level: 'info',
  message: '{"jsonName":"credit card","jsonDescription":"credit card info","merchantName":"PAYU","merchantCode":"SlEscuJA98","txnAmount":"10","txnCurrency":"INR","txnDate":"2020-06-15","custName":"Minnet Khan","custMobile":"9958240874","mode":"Q0M=","source":"","txnRefId":"87456656834","livemode":"false","txnDescription":"test dummy payment","RU":"https://www.payu.in/response_nb.php","cardNumber":"1234567891234","expiryMonth":"05","expiryYear":"23","cvv":"123","BID":"ea9c655b-23fb-48ff-b410-e8867d3b928f","status":"000"}',
  label: 'app.js',
  timestamp: '2020-07-05 21:09:39'
}
{
  level: 'info',
  message: '{"jsonName":"credit card","jsonDescription":"credit card info","merchantName":"PAYU","merchantCode":"SlEscuJA98","txnAmount":"10","txnCurrency":"INR","txnDate":"2020-06-15","custName":"Minnet Khan","custMobile":"9958240874","mode":"Q0M=","source":"","txnRefId":"87456656834","livemode":"false","txnDescription":"test dummy payment","RU":"https://www.payu.in/response_nb.php","cardNumber":"1234567891234","expiryMonth":"05","expiryYear":"23","cvv":"123","BID":"75fb248e-35f4-4469-a3af-7d0874befca7"}',
  label: 'app.js',
  timestamp: '2020-07-05 21:12:11'
}
{
  level: 'info',
  message: 'OK',
  label: 'app.js',
  timestamp: '2020-07-05 21:12:11'
}
{
  level: 'info',
  message: 'server is running at Port: 3000',
  label: 'app.js',
  timestamp: '2020-07-05 21:12:16'
}
{
  level: 'info',
  message: 'connected to Redis-server on 6379',
  label: 'app.js',
  timestamp: '2020-07-05 21:12:16'
}
{
  level: 'info',
  message: 1,
  label: 'app.js',
  timestamp: '2020-07-05 21:12:16'
}
{
  level: 'info',
  message: '{"merchantName":"PAYU","merchantCode":"SlEscuJA98","txnAmount":"10","txnCurrency":"INR","txnDate":"2020-06-15","custName":"Minnet Khan","custMobile":"9958240874","mode":"Q0M=","source":"","cardNumber":"1234567891234","cvv":"123","expiryMonth":"05","expiryYear":"23","txnRefId":"87456656834","livemode":"false","txnDescription":"test dummy payment","RU":"https://www.payu.in/response_nb.php","status":"001","errorDesc":"User cancelled the transcation"}',
  label: 'app.js',
  timestamp: '2020-07-05 21:12:16'
}
{
  level: 'info',
  message: '{"jsonName":"JSON 0","jsonDescription":"Some random text.","merchantName":"PAYU","merchantCode":"SlEscuJA98","txnAmount":"10","txnCurrency":"INR","txnDate":"2020-06-15","custName":"Minnet Khan","custMobile":"9958240874","mode":"bmV0X2Jhbmtpbmc=","source":"","txnRefId":"87456656834","livemode":"false","txnDescription":"test dummy payment","RU":"https://www.payu.in/response_nb.php","BID":"1b3748b9-5db9-493d-ab7b-58dce7012df9"}',
  label: 'app.js',
  timestamp: '2020-07-05 21:14:01'
}
{
  level: 'info',
  message: 'OK',
  label: 'app.js',
  timestamp: '2020-07-05 21:14:01'
}
{
  level: 'info',
  message: 'server is running at Port: 3000',
  label: 'app.js',
  timestamp: '2020-07-05 21:14:05'
}
{
  level: 'info',
  message: 'connected to Redis-server on 6379',
  label: 'app.js',
  timestamp: '2020-07-05 21:14:05'
}
{
  level: 'info',
  message: '{"jsonName":"JSON 0","jsonDescription":"Some random text.","merchantName":"PAYU","merchantCode":"SlEscuJA98","txnAmount":"10","txnCurrency":"INR","txnDate":"2020-06-15","custName":"Minnet Khan","custMobile":"9958240874","mode":"TkI=","source":"","txnRefId":"87456656834","livemode":"false","txnDescription":"test dummy payment","RU":"https://www.payu.in/response_nb.php","BID":"84baf129-b026-4423-bbe1-8103c61160d5"}',
  label: 'app.js',
  timestamp: '2020-07-05 21:15:11'
}
{
  level: 'info',
  message: 'OK',
  label: 'app.js',
  timestamp: '2020-07-05 21:15:12'
}
{
  level: 'info',
  message: 'server is running at Port: 3000',
  label: 'app.js',
  timestamp: '2020-07-05 21:15:15'
}
{
  level: 'info',
  message: 'connected to Redis-server on 6379',
  label: 'app.js',
  timestamp: '2020-07-05 21:15:15'
}
{
  level: 'info',
  message: 1,
  label: 'app.js',
  timestamp: '2020-07-05 21:15:15'
}
{
  level: 'info',
  message: '{"jsonName":"JSON 0","jsonDescription":"Some random text.","merchantName":"PAYU","merchantCode":"SlEscuJA98","txnAmount":"10","txnCurrency":"INR","txnDate":"2020-06-15","custName":"Minnet Khan","custMobile":"9958240874","mode":"TkI=","source":"","txnRefId":"87456656834","livemode":"false","txnDescription":"test dummy payment","RU":"https://www.payu.in/response_nb.php","BID":"84baf129-b026-4423-bbe1-8103c61160d5","status":"000"}',
  label: 'app.js',
  timestamp: '2020-07-05 21:15:15'
}
{
  level: 'info',
  message: '{"jsonName":"JSON 0","jsonDescription":"Some random text.","merchantName":"PAYU","merchantCode":"SlEscuJA98","txnAmount":"10","txnCurrency":"INR","txnDate":"2020-06-15","custName":"Minnet Khan","custMobile":"9958240874","mode":"Q0FTSA==","source":"","txnRefId":"87456656834","livemode":"false","txnDescription":"test dummy payment","RU":"https://www.payu.in/response_nb.php","BID":"54b86ab0-bf49-4d1e-8b9f-cabc5a038c12"}',
  label: 'app.js',
  timestamp: '2020-07-05 21:17:36'
}
{
  level: 'info',
  message: 'OK',
  label: 'app.js',
  timestamp: '2020-07-05 21:17:37'
}
{
  level: 'info',
  message: 'server is running at Port: 3000',
  label: 'app.js',
  timestamp: '2020-07-05 21:17:42'
}
{
  level: 'info',
  message: 'connected to Redis-server on 6379',
  label: 'app.js',
  timestamp: '2020-07-05 21:17:42'
}
{
  level: 'info',
  message: 1,
  label: 'app.js',
  timestamp: '2020-07-05 21:17:42'
}
{
  level: 'info',
  message: '{"jsonName":"JSON 0","jsonDescription":"Some random text.","merchantName":"PAYU","merchantCode":"SlEscuJA98","txnAmount":"10","txnCurrency":"INR","txnDate":"2020-06-15","custName":"Minnet Khan","custMobile":"9958240874","mode":"Q0FTSA==","source":"","txnRefId":"87456656834","livemode":"false","txnDescription":"test dummy payment","RU":"https://www.payu.in/response_nb.php","BID":"54b86ab0-bf49-4d1e-8b9f-cabc5a038c12","status":"000"}',
  label: 'app.js',
  timestamp: '2020-07-05 21:17:42'
}
{
  level: 'info',
  message: '{"jsonName":"credit card","jsonDescription":"credit card info","merchantName":"PAYU","merchantCode":"SlEscuJA98","txnAmount":"","txnCurrency":"INR","txnDate":"2020-06-15","custName":"Minnet Khan","custMobile":"9958240874","mode":"Q0M=","source":"","txnRefId":"","livemode":"false","txnDescription":"test dummy payment","RU":"https://www.payu.in/response_nb.php","cardNumber":"1234567891234","expiryMonth":"05","expiryYear":"23","cvv":"123","BID":"7d92e719-7916-4934-aaf4-fcb4d7343d12"}',
  label: 'app.js',
  timestamp: '2020-07-05 21:19:31'
}
{
  level: 'info',
  message: '{"jsonName":"credit card","jsonDescription":"credit card info","merchantName":"PAYU","merchantCode":"SlEscuJA98","txnAmount":"","txnCurrency":"INR","txnDate":"2020-06-15","custName":"Minnet Khan","custMobile":"9958240874","mode":"Q0M=","source":"","txnRefId":"","livemode":"false","txnDescription":"test dummy payment","RU":"https://www.payu.in/response_nb.php","cardNumber":"1234567891234","expiryMonth":"05","expiryYear":"23","cvv":"123","BID":"7d92e719-7916-4934-aaf4-fcb4d7343d12","status":"001","errorDesc":"invalid input"}',
  label: 'app.js',
  timestamp: '2020-07-05 21:19:31'
}
{
  level: 'info',
  message: 'OK',
  label: 'app.js',
  timestamp: '2020-07-05 21:19:31'
}
{
  level: 'info',
  message: 'server is running at Port: 3000',
  label: 'app.js',
  timestamp: '2020-07-05 21:19:41'
}
{
  level: 'info',
  message: 'connected to Redis-server on 6379',
  label: 'app.js',
  timestamp: '2020-07-05 21:19:41'
}
