{
  level: 'info',
  message: 'connected to Redis-server on 6379',
  label: 'app.js',
  timestamp: '2020-07-01 14:28:19'
}
{
  level: 'info',
  message: 'connected to Redis-server on 6379',
  label: 'app.js',
  timestamp: '2020-07-01 14:28:19'
}
{
  level: 'info',
  message: 'connected to Redis-server on 6379',
  label: 'app.js',
  timestamp: '2020-07-01 14:28:19'
}
{
  level: 'info',
  message: 'input validated',
  label: 'app.js',
  timestamp: '2020-07-01 14:28:46'
}
{
  merchantName: 'PAYU',
  merchantCode: 'SlEscuJA98',
  txnAmount: '10.00',
  txnCurrency: 'INR',
  txnDate: '2020-06-15',
  custName: 'Minnet Khan',
  custMobile: '9958240874',
  mode: 'bmV0X2Jhbmtpbmc=',
  source: '',
  txnRefId: '87456656834',
  livemode: 'false',
  txnDescription: 'test dummy payment',
  RU: 'https://www.payu.in/response_nb.php',
  BID: '260f1a40-0238-4b46-95b6-cffea4ba274e',
  level: 'info',
  label: 'app.js',
  timestamp: '2020-07-01 14:28:46'
}
{
  level: 'info',
  message: 'OK',
  label: 'app.js',
  timestamp: '2020-07-01 14:28:46'
}
{
  level: 'info',
  message: 1,
  label: 'app.js',
  timestamp: '2020-07-01 14:28:52'
}
{
  merchantName: 'PAYU',
  merchantCode: 'SlEscuJA98',
  txnAmount: '10.00',
  txnCurrency: 'INR',
  txnDate: '2020-06-15',
  custName: 'Minnet Khan',
  custMobile: '9958240874',
  mode: 'bmV0X2Jhbmtpbmc=',
  source: '',
  txnRefId: '87456656834',
  livemode: 'false',
  txnDescription: 'test dummy payment',
  RU: 'https://www.payu.in/response_nb.php',
  BID: '260f1a40-0238-4b46-95b6-cffea4ba274e',
  status: '000',
  level: 'info',
  label: 'app.js',
  timestamp: '2020-07-01 14:28:52'
}
{
  level: 'info',
  message: 'OK',
  label: 'app.js',
  timestamp: '2020-07-01 14:28:52'
}
{
  level: 'info',
  message: 'connected to Redis-server on 6379',
  label: 'app.js',
  timestamp: '2020-07-01 14:30:26'
}
{
  level: 'info',
  message: 'connected to Redis-server on 6379',
  label: 'app.js',
  timestamp: '2020-07-01 14:30:26'
}
{
  level: 'info',
  message: 'connected to Redis-server on 6379',
  label: 'app.js',
  timestamp: '2020-07-01 14:30:26'
}
{
  level: 'info',
  message: 'server is running at Port: 3000',
  label: 'app.js',
  timestamp: '2020-07-01 14:34:10'
}
{
  level: 'info',
  message: 'connected to Redis-server on 6379',
  label: 'app.js',
  timestamp: '2020-07-01 14:34:10'
}
{
  level: 'info',
  message: 'connected to Redis-server on 6379',
  label: 'app.js',
  timestamp: '2020-07-01 14:34:10'
}
{
  level: 'info',
  message: 'connected to Redis-server on 6379',
  label: 'app.js',
  timestamp: '2020-07-01 14:34:10'
}
{
  level: 'info',
  message: 'input validated',
  label: 'app.js',
  timestamp: '2020-07-01 14:35:09'
}
{
  merchantName: 'PAYU',
  merchantCode: 'SlEscuJA98',
  txnAmount: '10.00',
  txnCurrency: 'INR',
  txnDate: '2020-06-15',
  custName: 'Minnet Khan',
  custMobile: '9958240874',
  mode: 'bmV0X2Jhbmtpbmc=',
  source: '',
  txnRefId: '87456656834',
  livemode: 'false',
  txnDescription: 'test dummy payment',
  RU: 'https://www.payu.in/response_nb.php',
  BID: 'f0ed0f29-80d7-4edc-bd8c-bc44f52b82ca',
  level: 'info',
  label: 'app.js',
  timestamp: '2020-07-01 14:35:09'
}
{
  level: 'info',
  message: 'OK',
  label: 'app.js',
  timestamp: '2020-07-01 14:35:09'
}
{
  level: 'info',
  message: 1,
  label: 'app.js',
  timestamp: '2020-07-01 14:35:12'
}
{
  merchantName: 'PAYU',
  merchantCode: 'SlEscuJA98',
  txnAmount: '10.00',
  txnCurrency: 'INR',
  txnDate: '2020-06-15',
  custName: 'Minnet Khan',
  custMobile: '9958240874',
  mode: 'bmV0X2Jhbmtpbmc=',
  source: '',
  txnRefId: '87456656834',
  livemode: 'false',
  txnDescription: 'test dummy payment',
  RU: 'https://www.payu.in/response_nb.php',
  BID: 'f0ed0f29-80d7-4edc-bd8c-bc44f52b82ca',
  status: '000',
  level: 'info',
  label: 'app.js',
  timestamp: '2020-07-01 14:35:12'
}
{
  level: 'info',
  message: 'OK',
  label: 'app.js',
  timestamp: '2020-07-01 14:35:12'
}
{
  level: 'info',
  message: 'input validated',
  label: 'app.js',
  timestamp: '2020-07-01 14:35:42'
}
{
  merchantName: 'PAYU',
  merchantCode: 'SlEscuJA98',
  txnAmount: '10.00',
  txnCurrency: 'INR',
  txnDate: '2020-06-15',
  custName: 'Harsha',
  custMobile: '9440015160',
  mode: 'bmV0X2Jhbmtpbmc=',
  source: '',
  txnRefId: '87456656834',
  livemode: 'false',
  txnDescription: 'test dummy payment',
  RU: 'https://www.payu.in/response_nb.php',
  BID: 'dedc50c7-5214-4e4f-b1f2-c83a0faece78',
  level: 'info',
  label: 'app.js',
  timestamp: '2020-07-01 14:35:42'
}
{
  level: 'info',
  message: 'OK',
  label: 'app.js',
  timestamp: '2020-07-01 14:35:42'
}
{
  level: 'info',
  message: 1,
  label: 'app.js',
  timestamp: '2020-07-01 14:35:44'
}
{
  level: 'info',
  message: '{"merchantName":"PAYU","merchantCode":"SlEscuJA98","txnAmount":"10.00","txnCurrency":"INR","txnDate":"2020-06-15","custName":"Harsha","custMobile":"9440015160","mode":"bmV0X2Jhbmtpbmc=","source":"","txnRefId":"87456656834","livemode":"false","txnDescription":"test dummy payment","RU":"https://www.payu.in/response_nb.php","BID":"dedc50c7-5214-4e4f-b1f2-c83a0faece78","status":"001","errorDesc":"user declined"}',
  label: 'app.js',
  timestamp: '2020-07-01 14:35:44'
}
{
  level: 'info',
  message: 'OK',
  label: 'app.js',
  timestamp: '2020-07-01 14:35:44'
}
{
  level: 'info',
  message: 'server is running at Port: 3000',
  label: 'app.js',
  timestamp: '2020-07-01 14:36:57'
}
{
  level: 'info',
  message: 'connected to Redis-server on 6379',
  label: 'app.js',
  timestamp: '2020-07-01 14:36:57'
}
{
  level: 'info',
  message: 'connected to Redis-server on 6379',
  label: 'app.js',
  timestamp: '2020-07-01 14:36:57'
}
{
  level: 'info',
  message: 'connected to Redis-server on 6379',
  label: 'app.js',
  timestamp: '2020-07-01 14:36:57'
}
{
  level: 'info',
  message: 'server is running at Port: 3000',
  label: 'app.js',
  timestamp: '2020-07-01 14:37:17'
}
{
  level: 'info',
  message: 'connected to Redis-server on 6379',
  label: 'app.js',
  timestamp: '2020-07-01 14:37:17'
}
{
  level: 'info',
  message: 'connected to Redis-server on 6379',
  label: 'app.js',
  timestamp: '2020-07-01 14:37:17'
}
{
  level: 'info',
  message: 'connected to Redis-server on 6379',
  label: 'app.js',
  timestamp: '2020-07-01 14:37:17'
}
{
  level: 'info',
  message: 'input validated',
  label: 'app.js',
  timestamp: '2020-07-01 14:37:33'
}
{
  level: 'info',
  message: '{"merchantName":"PAYU","merchantCode":"SlEscuJA98","txnAmount":"10.00","txnCurrency":"INR","txnDate":"2020-06-15","custName":"Minnet Khan","custMobile":"9958240874","mode":"bmV0X2Jhbmtpbmc=","source":"","txnRefId":"87456656834","livemode":"false","txnDescription":"test dummy payment","RU":"https://www.payu.in/response_nb.php","BID":"b80cfec4-e245-4bac-b753-c1dac28f2b9c"}',
  label: 'app.js',
  timestamp: '2020-07-01 14:37:33'
}
{
  level: 'info',
  message: 'OK',
  label: 'app.js',
  timestamp: '2020-07-01 14:37:33'
}
{
  level: 'info',
  message: 1,
  label: 'app.js',
  timestamp: '2020-07-01 14:37:35'
}
{
  level: 'info',
  message: '{"merchantName":"PAYU","merchantCode":"SlEscuJA98","txnAmount":"10.00","txnCurrency":"INR","txnDate":"2020-06-15","custName":"Minnet Khan","custMobile":"9958240874","mode":"bmV0X2Jhbmtpbmc=","source":"","txnRefId":"87456656834","livemode":"false","txnDescription":"test dummy payment","RU":"https://www.payu.in/response_nb.php","BID":"b80cfec4-e245-4bac-b753-c1dac28f2b9c","status":"000"}',
  label: 'app.js',
  timestamp: '2020-07-01 14:37:35'
}
{
  level: 'info',
  message: 'OK',
  label: 'app.js',
  timestamp: '2020-07-01 14:37:35'
}
