{ level: 'info',
  message: 'listening on 3000',
  label: 'app.js',
  timestamp: '2020-06-25 15:04:29' }
{ level: 'info',
  message: 'connected to Redis-server',
  label: 'app.js',
  timestamp: '2020-06-25 15:04:29' }
{ level: 'info',
  message: 'input authenticated',
  label: 'app.js',
  timestamp: '2020-06-25 15:05:23' }
{ level: 'info',
  message:
   '{"merchantName":"PAYU","merchantCode":"SlEscuJA98","txnAmount":"111","txnCurrency":"INR","txnDate":"2020-06-15","custName":"Harsha","custMobile":"9440015160","mode":"bmV0X2Jhbmtpbmc=","source":"","txnRefId":"87456656834","livemode":"false","txnDescription":"dummy transaction"}',
  label: 'app.js',
  timestamp: '2020-06-25 15:05:23' }
{ level: 'info',
  message: 'OK',
  label: 'app.js',
  timestamp: '2020-06-25 15:05:24' }
{ level: 'info',
  message: '{"right":"Authenticate"}',
  label: 'app.js',
  timestamp: '2020-06-25 15:05:25' }
{ level: 'info',
  message: 1,
  label: 'app.js',
  timestamp: '2020-06-25 15:05:25' }
{ level: 'info',
  message:
   '{"merchantName":"PAYU","merchantCode":"SlEscuJA98","txnAmount":"111","txnCurrency":"INR","txnDate":"2020-06-15","custName":"Harsha","custMobile":"9440015160","mode":"bmV0X2Jhbmtpbmc=","source":"","txnRefId":"87456656834","livemode":"false","txnDescription":"dummy transaction","BID":"26ccfd59-e12b-4ca1-8f25-2aec26cc52c3","status":"000"}',
  label: 'app.js',
  timestamp: '2020-06-25 15:05:25' }
{ level: 'info',
  message: 'success',
  label: 'app.js',
  timestamp: '2020-06-25 15:05:25' }
{ level: 'info',
  message: 'listening on 3000',
  label: 'app.js',
  timestamp: '2020-06-25 15:05:51' }
{ level: 'info',
  message: 'connected to Redis-server',
  label: 'app.js',
  timestamp: '2020-06-25 15:05:51' }
