{ level: 'info',
  message: 'listening on: 3000',
  label: 'app.js',
  timestamp: '2020-06-26 10:47:39' }
{ level: 'info',
  message: 'connected to Redis-server on 6379',
  label: 'app.js',
  timestamp: '2020-06-26 10:47:39' }
{ level: 'info',
  message: 'input authenticated',
  label: 'app.js',
  timestamp: '2020-06-26 10:48:00' }
{ level: 'info',
  message:
   '{"merchantName":"PAYU","merchantCode":"SlEscuJA98","txnAmount":"10","txnCurrency":"INR","txnDate":"2020-06-15","custName":"Harsha","custMobile":"9440015160","mode":"bmV0X2Jhbmtpbmc=","source":"","txnRefId":"87456656834","livemode":"false","txnDescription":"dummy transaction"}',
  label: 'app.js',
  timestamp: '2020-06-26 10:48:00' }
{ level: 'info',
  message: 'OK',
  label: 'app.js',
  timestamp: '2020-06-26 10:48:00' }
{ level: 'info',
  message: '{"right":"Authenticate"}',
  label: 'app.js',
  timestamp: '2020-06-26 10:48:03' }
{ level: 'info',
  message:
   '{"merchantName":"PAYU","merchantCode":"SlEscuJA98","txnAmount":"10","txnCurrency":"INR","txnDate":"2020-06-15","custName":"Harsha","custMobile":"9440015160","mode":"bmV0X2Jhbmtpbmc=","source":"","txnRefId":"87456656834","livemode":"false","txnDescription":"dummy transaction","BID":"eb6459cc-500f-4445-9c0c-c6b651aebbee","status":"000"}',
  label: 'app.js',
  timestamp: '2020-06-26 10:48:03' }
{ level: 'info',
  message: '{"wrong":"Decline"}',
  label: 'app.js',
  timestamp: '2020-06-26 10:48:06' }
{ level: 'info',
  message:
   '{"merchantName":"PAYU","merchantCode":"SlEscuJA98","txnAmount":"10","txnCurrency":"INR","txnDate":"2020-06-15","custName":"Harsha","custMobile":"9440015160","mode":"bmV0X2Jhbmtpbmc=","source":"","txnRefId":"87456656834","livemode":"false","txnDescription":"dummy transaction","BID":"eb6459cc-500f-4445-9c0c-c6b651aebbee","status":"001","errorDesc":"user declined"}',
  label: 'app.js',
  timestamp: '2020-06-26 10:48:06' }
